<?xml version="1.0" encoding="UTF-8"?>
<!-- Generated by org.testng.reporters.JUnitReportReporter -->
<testsuite skipped="0" hostname="apples-MacBook-Pro.local" name="Runner.TC_001_LoginFeatureRunner" tests="1" failures="0" timestamp="24 Sep 2021 09:21:33 GMT" time="104.928" errors="0">
  <testcase name="feature" time="104.928" classname="Runner.TC_001_LoginFeatureRunner"/>
</testsuite> <!-- Runner.TC_001_LoginFeatureRunner -->
