<?xml version="1.0" encoding="UTF-8"?>
<!-- Generated by org.testng.reporters.JUnitReportReporter -->
<testsuite skipped="0" hostname="apples-MacBook-Pro.local" name="runners.LoginRunner" tests="1" failures="0" timestamp="27 Sep 2021 04:45:28 GMT" time="92.168" errors="0">
  <testcase name="feature" time="92.168" classname="runners.LoginRunner"/>
</testsuite> <!-- runners.LoginRunner -->
